JvmtiExport can_access_local_variables 0
JvmtiExport can_hotswap_or_post_breakpoint 0
JvmtiExport can_post_on_exceptions 0
# 482 ciObject found
instanceKlass com/fasterxml/jackson/databind/deser/DeserializerCache
instanceKlass com/fasterxml/jackson/databind/KeyDeserializer
instanceKlass com/fasterxml/jackson/databind/deser/std/StdKeyDeserializers
instanceKlass com/fasterxml/jackson/databind/deser/KeyDeserializers
instanceKlass com/fasterxml/jackson/databind/deser/ValueInstantiators
instanceKlass com/fasterxml/jackson/databind/AbstractTypeResolver
instanceKlass com/fasterxml/jackson/databind/deser/BeanDeserializerModifier
instanceKlass com/fasterxml/jackson/databind/cfg/DeserializerFactoryConfig
instanceKlass java/util/concurrent/ConcurrentNavigableMap
instanceKlass com/fasterxml/jackson/databind/PropertyName
instanceKlass com/fasterxml/jackson/databind/deser/Deserializers
instanceKlass com/fasterxml/jackson/annotation/ObjectIdGenerator
instanceKlass com/fasterxml/jackson/databind/deser/ValueInstantiator
instanceKlass com/fasterxml/jackson/databind/deser/ResolvableDeserializer
instanceKlass com/fasterxml/jackson/databind/deser/ContextualDeserializer
instanceKlass com/fasterxml/jackson/databind/ser/SerializerCache
instanceKlass com/fasterxml/jackson/databind/ser/ResolvableSerializer
instanceKlass com/fasterxml/jackson/databind/ser/ContextualSerializer
instanceKlass com/fasterxml/jackson/databind/node/JsonNodeFactory
instanceKlass com/fasterxml/jackson/databind/node/JsonNodeCreator
instanceKlass com/fasterxml/jackson/databind/cfg/ContextAttributes
instanceKlass com/fasterxml/jackson/core/util/DefaultPrettyPrinter$NopIndenter
instanceKlass com/fasterxml/jackson/databind/cfg/ConfigFeature
instanceKlass com/fasterxml/jackson/annotation/JsonFormat$Features
instanceKlass com/fasterxml/jackson/annotation/JsonFormat$Value
instanceKlass com/fasterxml/jackson/annotation/JsonInclude$Value
instanceKlass com/fasterxml/jackson/annotation/JacksonAnnotationValue
instanceKlass com/fasterxml/jackson/databind/cfg/ConfigOverrides
instanceKlass com/fasterxml/jackson/databind/introspect/AnnotationMap
instanceKlass com/fasterxml/jackson/databind/util/Annotations
instanceKlass com/fasterxml/jackson/databind/cfg/MapperConfig
instanceKlass com/fasterxml/jackson/databind/BeanDescription
instanceKlass com/fasterxml/jackson/databind/introspect/SimpleMixInResolver
instanceKlass com/fasterxml/jackson/databind/introspect/ClassIntrospector$MixInResolver
instanceKlass com/fasterxml/jackson/databind/util/RootNameLookup
instanceKlass com/fasterxml/jackson/core/sym/ByteQuadsCanonicalizer$TableInfo
instanceKlass com/fasterxml/jackson/core/sym/ByteQuadsCanonicalizer
instanceKlass com/fasterxml/jackson/core/sym/CharsToNameCanonicalizer$Bucket
instanceKlass com/fasterxml/jackson/core/sym/CharsToNameCanonicalizer
instanceKlass com/fasterxml/jackson/core/io/SerializedString
instanceKlass com/fasterxml/jackson/core/util/DefaultPrettyPrinter
instanceKlass com/fasterxml/jackson/core/util/Instantiatable
instanceKlass com/fasterxml/jackson/core/SerializableString
instanceKlass com/fasterxml/jackson/core/Base64Variant
instanceKlass com/fasterxml/jackson/core/Base64Variants
instanceKlass java/text/DateFormatSymbols
instanceKlass com/fasterxml/jackson/databind/type/TypeParser
instanceKlass com/fasterxml/jackson/databind/type/TypeFactory
instanceKlass com/fasterxml/jackson/databind/cfg/BaseSettings
instanceKlass com/fasterxml/jackson/annotation/JacksonAnnotation
instanceKlass com/fasterxml/jackson/annotation/JsonAutoDetect
instanceKlass com/fasterxml/jackson/databind/introspect/VisibilityChecker$Std
instanceKlass com/fasterxml/jackson/databind/util/LRUMap
instanceKlass com/fasterxml/jackson/databind/JsonDeserializer
instanceKlass com/fasterxml/jackson/databind/jsonschema/SchemaAware
instanceKlass com/fasterxml/jackson/databind/JsonSerializer
instanceKlass com/fasterxml/jackson/databind/jsonFormatVisitors/JsonFormatVisitable
instanceKlass com/fasterxml/jackson/databind/ext/Java7Support
instanceKlass com/fasterxml/jackson/databind/annotation/JsonDeserialize
instanceKlass com/fasterxml/jackson/annotation/JsonManagedReference
instanceKlass com/fasterxml/jackson/annotation/JsonBackReference
instanceKlass com/fasterxml/jackson/annotation/JsonUnwrapped
instanceKlass com/fasterxml/jackson/annotation/JsonRawValue
instanceKlass com/fasterxml/jackson/annotation/JsonTypeInfo
instanceKlass com/fasterxml/jackson/annotation/JsonFormat
instanceKlass com/fasterxml/jackson/annotation/JsonView
instanceKlass com/fasterxml/jackson/databind/annotation/JsonSerialize
instanceKlass com/fasterxml/jackson/databind/introspect/ConcreteBeanPropertyBase
instanceKlass com/fasterxml/jackson/databind/BeanProperty
instanceKlass com/fasterxml/jackson/databind/introspect/BeanPropertyDefinition
instanceKlass com/fasterxml/jackson/databind/util/Named
instanceKlass com/fasterxml/jackson/databind/introspect/TypeResolutionContext
instanceKlass com/fasterxml/jackson/databind/introspect/Annotated
instanceKlass com/fasterxml/jackson/databind/type/TypeBindings
instanceKlass com/fasterxml/jackson/databind/jsontype/TypeResolverBuilder
instanceKlass com/fasterxml/jackson/databind/introspect/ClassIntrospector
instanceKlass com/fasterxml/jackson/databind/Module$SetupContext
instanceKlass com/fasterxml/jackson/databind/introspect/VisibilityChecker
instanceKlass com/fasterxml/jackson/databind/AnnotationIntrospector
instanceKlass com/fasterxml/jackson/core/type/ResolvedType
instanceKlass com/fasterxml/jackson/databind/ser/SerializerFactory
instanceKlass com/fasterxml/jackson/databind/deser/DeserializerFactory
instanceKlass com/fasterxml/jackson/databind/DatabindContext
instanceKlass com/fasterxml/jackson/databind/jsontype/SubtypeResolver
instanceKlass com/fasterxml/jackson/core/JsonFactory
instanceKlass com/fasterxml/jackson/databind/cfg/HandlerInstantiator
instanceKlass com/fasterxml/jackson/databind/Module
instanceKlass org/springframework/http/converter/json/Jackson2ObjectMapperBuilder
instanceKlass com/fasterxml/jackson/core/PrettyPrinter
instanceKlass com/fasterxml/jackson/core/util/DefaultPrettyPrinter$Indenter
instanceKlass org/springframework/http/converter/xml/Jaxb2RootElementHttpMessageConverter$1
instanceKlass com/sun/org/apache/xalan/internal/utils/XMLSecurityManager
instanceKlass com/sun/org/apache/xalan/internal/utils/SecuritySupport$9
instanceKlass com/sun/org/apache/xalan/internal/utils/SecuritySupport$4
instanceKlass com/sun/org/apache/xalan/internal/utils/SecuritySupport
instanceKlass com/sun/org/apache/xalan/internal/utils/FeaturePropertyBase
instanceKlass javax/xml/transform/ErrorListener
instanceKlass com/sun/org/apache/xalan/internal/xsltc/compiler/SourceLoader
instanceKlass javax/xml/transform/SecuritySupport$1
instanceKlass javax/xml/transform/FactoryFinder$1
instanceKlass javax/xml/transform/SecuritySupport$5
instanceKlass javax/xml/transform/SecuritySupport$2
instanceKlass javax/xml/transform/SecuritySupport
instanceKlass javax/xml/transform/FactoryFinder
instanceKlass javax/xml/transform/TransformerFactory
instanceKlass org/springframework/http/converter/xml/SourceHttpMessageConverter$2
instanceKlass org/springframework/http/converter/xml/SourceHttpMessageConverter$1
instanceKlass javax/xml/transform/stream/StreamSource
instanceKlass javax/xml/transform/stax/StAXSource
instanceKlass javax/xml/transform/sax/SAXSource
instanceKlass javax/xml/transform/dom/DOMSource
instanceKlass javax/xml/transform/Result
instanceKlass javax/xml/stream/XMLResolver
instanceKlass java/nio/charset/Charset$1
instanceKlass sun/nio/cs/CharsetMapping$Entry
instanceKlass sun/nio/cs/CharsetMapping$1
instanceKlass sun/nio/cs/CharsetMapping$4
instanceKlass sun/nio/cs/CharsetMapping$3
instanceKlass sun/nio/cs/CharsetMapping$2
instanceKlass sun/nio/cs/CharsetMapping
instanceKlass sun/nio/cs/ext/SJIS_0213$1
instanceKlass sun/nio/cs/AbstractCharsetProvider$1
instanceKlass sun/nio/cs/SingleByte
instanceKlass sun/util/PreHashedMap$1$1
instanceKlass sun/nio/cs/FastCharsetProvider$1
instanceKlass java/nio/charset/Charset$3
instanceKlass org/springframework/http/StreamingHttpOutputMessage$Body
instanceKlass org/springframework/web/bind/support/DefaultSessionAttributeStore
instanceKlass org/springframework/web/context/request/async/DeferredResultProcessingInterceptor
instanceKlass org/springframework/web/context/request/async/CallableProcessingInterceptor
instanceKlass org/springframework/util/ConcurrencyThrottleSupport
instanceKlass org/springframework/util/concurrent/ListenableFuture
instanceKlass org/springframework/util/CustomizableThreadCreator
instanceKlass org/springframework/core/task/AsyncListenableTaskExecutor
instanceKlass org/springframework/web/servlet/mvc/method/annotation/RequestMappingHandlerAdapter$2
instanceKlass org/springframework/web/servlet/mvc/method/annotation/RequestMappingHandlerAdapter$1
instanceKlass javax/servlet/http/Cookie
instanceKlass org/springframework/http/CacheControl
instanceKlass com/xm/xmap1702044/model/CommonData
instanceKlass com/xm/xmap1702044/dto/SmsDto
instanceKlass com/xm/xmap1702044/model/LoginDto
instanceKlass com/xm/xmap1702044/dto/HotCityDto
instanceKlass com/xm/xmap1702044/dto/DriverFeedbackDto
instanceKlass com/xm/xmap1702044/dto/CarMemberDto
instanceKlass com/xm/xmap1702044/dto/CarCostDto
instanceKlass com/xm/xmap1702044/dto/CustomFeedbackDto
instanceKlass com/xm/xmap1702044/dto/SystemMessageDto
instanceKlass com/xm/xmap1702044/dto/CustomHistoryDto
instanceKlass com/xm/xmap1702044/dto/VoucherListDto
instanceKlass com/xm/xmap1702044/dto/UserMemberDto
instanceKlass com/xm/xmap1702044/dto/TakeCarDto
instanceKlass org/springframework/validation/DataBinder
instanceKlass org/springframework/web/servlet/handler/AbstractHandlerMethodMapping$MappingRegistration
instanceKlass org/springframework/web/servlet/mvc/condition/AbstractMediaTypeExpression
instanceKlass org/springframework/web/servlet/mvc/condition/MediaTypeExpression
instanceKlass org/springframework/web/servlet/mvc/condition/AbstractRequestCondition
instanceKlass org/springframework/web/servlet/mvc/method/RequestMappingInfo$DefaultBuilder
instanceKlass org/springframework/web/servlet/mvc/method/RequestMappingInfo$Builder
instanceKlass com/xm/xmap1702044/dto/AddAddressDto
instanceKlass com/xm/xmap1702044/dto/ResultDto
instanceKlass org/springframework/core/MethodIntrospector$1
instanceKlass org/springframework/core/MethodIntrospector
instanceKlass org/springframework/web/servlet/handler/AbstractHandlerMethodMapping$1
instanceKlass com/alibaba/dubbo/rpc/service/GenericService
instanceKlass com/alibaba/dubbo/rpc/proxy/InvokerInvocationHandler
instanceKlass com/alibaba/dubbo/common/bytecode/proxy0
instanceKlass com/alibaba/dubbo/common/bytecode/Proxy$2
instanceKlass com/alibaba/dubbo/common/bytecode/Proxy$1
instanceKlass com/alibaba/dubbo/common/bytecode/Proxy
instanceKlass com/alibaba/dubbo/rpc/service/EchoService
instanceKlass com/alibaba/dubbo/rpc/cluster/support/AbstractClusterInvoker
instanceKlass com/alibaba/dubbo/rpc/support/MockInvoker
instanceKlass com/alibaba/dubbo/rpc/cluster/support/wrapper/MockClusterInvoker
instanceKlass com/alibaba/dubbo/remoting/transport/dispatcher/ChannelEventRunnable$1
instanceKlass com/alibaba/dubbo/registry/integration/RegistryDirectory$InvokerComparator
instanceKlass com/alibaba/dubbo/rpc/RpcInvocation
instanceKlass com/alibaba/dubbo/remoting/transport/dispatcher/ChannelEventRunnable
instanceKlass org/jboss/netty/channel/socket/nio/SelectorUtil
instanceKlass org/jboss/netty/channel/socket/nio/NioWorker$RegisterTask
instanceKlass com/alibaba/dubbo/rpc/protocol/ProtocolFilterWrapper$1
instanceKlass com/alibaba/dubbo/validation/Validation$Adpative
instanceKlass com/alibaba/dubbo/validation/Validator
instanceKlass com/alibaba/dubbo/validation/support/AbstractValidation
instanceKlass com/alibaba/dubbo/validation/Validation
instanceKlass com/alibaba/dubbo/monitor/MonitorFactory$Adpative
instanceKlass com/alibaba/dubbo/monitor/Monitor
instanceKlass com/alibaba/dubbo/monitor/MonitorService
instanceKlass com/alibaba/dubbo/monitor/support/AbstractMonitorFactory
instanceKlass com/alibaba/dubbo/monitor/MonitorFactory
instanceKlass com/alibaba/dubbo/cache/CacheFactory$Adpative
instanceKlass com/alibaba/dubbo/cache/Cache
instanceKlass com/alibaba/dubbo/cache/support/AbstractCacheFactory
instanceKlass com/alibaba/dubbo/cache/CacheFactory
instanceKlass com/alibaba/dubbo/remoting/exchange/ResponseCallback
instanceKlass com/alibaba/dubbo/rpc/protocol/dubbo/filter/FutureFilter
instanceKlass com/alibaba/dubbo/rpc/protocol/dubbo/filter/TraceFilter
instanceKlass com/alibaba/dubbo/cache/filter/CacheFilter
instanceKlass com/alibaba/dubbo/validation/filter/ValidationFilter
instanceKlass com/alibaba/dubbo/monitor/support/MonitorFilter
instanceKlass com/alibaba/dubbo/rpc/filter/TimeoutFilter
instanceKlass com/alibaba/dubbo/rpc/filter/CompatibleFilter
instanceKlass com/alibaba/dubbo/rpc/filter/DeprecatedFilter
instanceKlass com/alibaba/dubbo/rpc/filter/ExecuteLimitFilter
instanceKlass com/alibaba/dubbo/rpc/filter/ExceptionFilter
instanceKlass com/alibaba/dubbo/rpc/filter/ConsumerContextFilter
instanceKlass com/alibaba/dubbo/rpc/filter/ContextFilter
instanceKlass com/alibaba/dubbo/rpc/filter/ClassLoaderFilter
instanceKlass com/alibaba/dubbo/rpc/filter/ActiveLimitFilter
instanceKlass com/alibaba/dubbo/rpc/filter/AccessLogFilter
instanceKlass com/alibaba/dubbo/rpc/filter/TokenFilter
instanceKlass com/alibaba/dubbo/rpc/RpcResult
instanceKlass com/alibaba/dubbo/rpc/filter/GenericImplFilter
instanceKlass com/alibaba/dubbo/rpc/filter/GenericFilter
instanceKlass com/alibaba/dubbo/rpc/filter/EchoFilter
instanceKlass com/alibaba/dubbo/rpc/Filter
instanceKlass com/alibaba/dubbo/common/extension/support/ActivateComparator
instanceKlass com/alibaba/dubbo/rpc/listener/InvokerListenerAdapter
instanceKlass com/alibaba/dubbo/rpc/protocol/dubbo/ReferenceCountExchangeClient
instanceKlass com/alibaba/dubbo/remoting/exchange/support/header/HeaderExchangeClient$1
instanceKlass com/alibaba/dubbo/remoting/exchange/support/header/HeartBeatTask
instanceKlass com/alibaba/dubbo/remoting/exchange/ResponseFuture
instanceKlass org/apache/log4j/spi/ThrowableInformation
instanceKlass org/jboss/netty/util/internal/DeadLockProofWorker$1
instanceKlass org/jboss/netty/util/internal/DeadLockProofWorker
instanceKlass org/jboss/netty/util/ThreadNameDeterminer$2
instanceKlass org/jboss/netty/util/ThreadNameDeterminer$1
instanceKlass org/jboss/netty/util/ThreadNameDeterminer
instanceKlass org/jboss/netty/util/ThreadRenamingRunnable
instanceKlass org/jboss/netty/channel/socket/nio/NioClientSocketPipelineSink$RegisterTask
instanceKlass org/jboss/netty/channel/ChannelFutureListener$2
instanceKlass org/jboss/netty/channel/ChannelFutureListener$1
instanceKlass org/jboss/netty/channel/ChannelFutureProgressListener
instanceKlass org/jboss/netty/channel/socket/nio/NioClientSocketPipelineSink$1
instanceKlass org/jboss/netty/channel/socket/nio/NioClientSocketPipelineSink$2
instanceKlass org/jboss/netty/channel/UpstreamMessageEvent
instanceKlass org/jboss/netty/channel/DownstreamChannelStateEvent
instanceKlass org/jboss/netty/util/internal/ConversionUtil
instanceKlass org/jboss/netty/channel/SimpleChannelHandler$1
instanceKlass org/jboss/netty/channel/SimpleChannelUpstreamHandler$1
instanceKlass org/jboss/netty/channel/ChildChannelStateEvent
instanceKlass org/jboss/netty/channel/WriteCompletionEvent
instanceKlass org/jboss/netty/channel/MessageEvent
instanceKlass org/jboss/netty/channel/UpstreamChannelStateEvent
instanceKlass org/jboss/netty/channel/ChannelStateEvent
instanceKlass org/jboss/netty/buffer/AbstractChannelBufferFactory
instanceKlass org/jboss/netty/buffer/ChannelBufferFactory
instanceKlass org/jboss/netty/channel/ReceiveBufferSizePredictor
instanceKlass org/jboss/netty/channel/AdaptiveReceiveBufferSizePredictorFactory
instanceKlass org/jboss/netty/channel/ReceiveBufferSizePredictorFactory
instanceKlass org/jboss/netty/channel/DefaultChannelConfig
instanceKlass org/jboss/netty/channel/socket/nio/NioSocketChannel$WriteTask
instanceKlass org/jboss/netty/channel/DefaultChannelFuture
instanceKlass org/jboss/netty/channel/CompleteChannelFuture
instanceKlass org/jboss/netty/util/internal/ConcurrentHashMap$HashEntry
instanceKlass org/jboss/netty/channel/socket/nio/NioSocketChannelConfig
instanceKlass org/jboss/netty/channel/socket/SocketChannelConfig
instanceKlass org/jboss/netty/channel/ChannelConfig
instanceKlass org/jboss/netty/channel/LifeCycleAwareChannelHandler
instanceKlass org/jboss/netty/channel/DefaultChannelPipeline$DefaultChannelHandlerContext
instanceKlass com/alibaba/dubbo/remoting/buffer/AbstractChannelBuffer
instanceKlass com/alibaba/dubbo/remoting/buffer/ChannelBuffers
instanceKlass org/jboss/netty/channel/SimpleChannelUpstreamHandler
instanceKlass org/jboss/netty/handler/codec/oneone/OneToOneEncoder
instanceKlass com/alibaba/dubbo/remoting/transport/netty/NettyCodecAdapter
instanceKlass com/alibaba/dubbo/remoting/transport/AbstractClient$1
instanceKlass com/alibaba/dubbo/remoting/transport/netty/NettyClient$1
instanceKlass org/jboss/netty/channel/SimpleChannelHandler
instanceKlass org/jboss/netty/channel/ChannelDownstreamHandler
instanceKlass org/jboss/netty/channel/ChannelUpstreamHandler
instanceKlass org/jboss/netty/channel/ChannelHandler
instanceKlass org/jboss/netty/channel/Channels$1
instanceKlass org/jboss/netty/channel/DefaultChannelPipeline$DiscardingChannelSink
instanceKlass org/jboss/netty/channel/ChannelHandlerContext
instanceKlass org/jboss/netty/channel/DefaultChannelPipeline
instanceKlass org/jboss/netty/channel/ChannelPipeline
instanceKlass org/jboss/netty/channel/ChannelFuture
instanceKlass org/jboss/netty/channel/ChannelEvent
instanceKlass org/jboss/netty/channel/Channels
instanceKlass org/jboss/netty/bootstrap/Bootstrap
instanceKlass com/alibaba/dubbo/remoting/transport/netty/NettyHelper
instanceKlass com/alibaba/dubbo/remoting/buffer/ChannelBuffer
instanceKlass com/alibaba/dubbo/rpc/protocol/thrift/ThriftCodec
instanceKlass com/alibaba/dubbo/rpc/protocol/dubbo/DubboCountCodec
instanceKlass com/alibaba/dubbo/common/io/Bytes
instanceKlass com/alibaba/dubbo/remoting/transport/AbstractCodec
instanceKlass com/alibaba/dubbo/common/store/support/SimpleDataStore
instanceKlass com/alibaba/dubbo/common/store/DataStore
instanceKlass com/alibaba/dubbo/common/threadpool/ThreadPool$Adpative
instanceKlass com/alibaba/dubbo/common/threadpool/support/limited/LimitedThreadPool
instanceKlass com/alibaba/dubbo/common/threadpool/support/cached/CachedThreadPool
instanceKlass com/alibaba/dubbo/common/threadpool/support/fixed/FixedThreadPool
instanceKlass com/alibaba/dubbo/common/threadpool/ThreadPool
instanceKlass com/alibaba/dubbo/remoting/transport/dispatcher/WrappedChannelHandler
instanceKlass com/alibaba/dubbo/remoting/Dispatcher$Adpative
instanceKlass com/alibaba/dubbo/remoting/transport/dispatcher/connection/ConnectionOrderedDispatcher
instanceKlass com/alibaba/dubbo/remoting/transport/dispatcher/execution/ExecutionDispatcher
instanceKlass com/alibaba/dubbo/remoting/transport/dispatcher/message/MessageOnlyDispatcher
instanceKlass com/alibaba/dubbo/remoting/transport/dispatcher/direct/DirectDispatcher
instanceKlass com/alibaba/dubbo/remoting/transport/dispatcher/all/AllDispatcher
instanceKlass com/alibaba/dubbo/remoting/Dispatcher
instanceKlass com/alibaba/dubbo/remoting/transport/dispatcher/ChannelHandlers
instanceKlass com/alibaba/dubbo/common/utils/ExecutorUtil
instanceKlass org/jboss/netty/channel/socket/nio/SocketSendBufferPool$Preallocation
instanceKlass org/jboss/netty/channel/socket/nio/SocketSendBufferPool$EmptySendBuffer
instanceKlass org/jboss/netty/channel/socket/nio/SocketSendBufferPool$SendBuffer
instanceKlass org/jboss/netty/channel/socket/nio/SocketSendBufferPool
instanceKlass org/jboss/netty/channel/socket/nio/SocketReceiveBufferPool
instanceKlass org/jboss/netty/channel/socket/nio/NioProviderMetadata
instanceKlass org/jboss/netty/channel/socket/nio/NioWorker
instanceKlass java/util/concurrent/atomic/AtomicIntegerFieldUpdater$AtomicIntegerFieldUpdaterImpl$1
instanceKlass java/util/concurrent/atomic/AtomicIntegerFieldUpdater
instanceKlass org/jboss/netty/util/internal/AtomicFieldUpdaterUtil$Node
instanceKlass org/jboss/netty/util/internal/AtomicFieldUpdaterUtil
instanceKlass org/jboss/netty/util/internal/LinkedTransferQueue$Node
instanceKlass org/jboss/netty/channel/socket/nio/NioClientSocketPipelineSink$Boss
instanceKlass org/jboss/netty/logging/InternalLoggerFactory$1
instanceKlass org/jboss/netty/logging/AbstractInternalLogger
instanceKlass org/jboss/netty/util/internal/SystemPropertyUtil
instanceKlass org/jboss/netty/util/DebugUtil
instanceKlass org/jboss/netty/util/internal/StackTraceSimplifier
instanceKlass org/jboss/netty/logging/InternalLogger
instanceKlass org/jboss/netty/logging/InternalLoggerFactory
instanceKlass org/jboss/netty/channel/ChannelFutureListener
instanceKlass org/jboss/netty/channel/AbstractChannel
instanceKlass org/jboss/netty/channel/AbstractChannelSink
instanceKlass java/util/concurrent/SynchronousQueue$TransferStack$SNode
instanceKlass java/util/concurrent/SynchronousQueue$Transferer
instanceKlass org/jboss/netty/channel/socket/SocketChannel
instanceKlass org/jboss/netty/channel/Channel
instanceKlass org/jboss/netty/channel/ChannelSink
instanceKlass org/jboss/netty/channel/socket/nio/NioClientSocketChannelFactory
instanceKlass org/jboss/netty/channel/socket/ClientSocketChannelFactory
instanceKlass org/jboss/netty/channel/ChannelFactory
instanceKlass org/jboss/netty/util/ExternalResourceReleasable
instanceKlass org/jboss/netty/channel/ChannelPipelineFactory
instanceKlass com/alibaba/dubbo/remoting/Codec2
instanceKlass com/alibaba/dubbo/remoting/transport/AbstractPeer
instanceKlass com/alibaba/dubbo/remoting/Transporter$Adpative
instanceKlass com/alibaba/dubbo/remoting/Transporters
instanceKlass com/alibaba/dubbo/common/utils/Assert
instanceKlass com/alibaba/dubbo/remoting/exchange/support/header/HeaderExchangeChannel
instanceKlass com/alibaba/dubbo/remoting/exchange/Request
instanceKlass com/alibaba/dubbo/remoting/exchange/support/header/HeaderExchangeHandler
instanceKlass com/alibaba/dubbo/remoting/transport/AbstractChannelHandlerDelegate
instanceKlass com/alibaba/dubbo/remoting/transport/ChannelHandlerDelegate
instanceKlass com/alibaba/dubbo/remoting/exchange/support/header/HeartBeatTask$ChannelProvider
instanceKlass com/alibaba/dubbo/remoting/exchange/support/header/HeaderExchangeClient
instanceKlass com/alibaba/dubbo/remoting/exchange/ExchangeServer
instanceKlass com/alibaba/dubbo/remoting/exchange/support/header/HeaderExchanger
instanceKlass com/alibaba/dubbo/remoting/exchange/Exchanger
instanceKlass com/alibaba/dubbo/remoting/exchange/Exchangers
instanceKlass com/alibaba/dubbo/remoting/transport/grizzly/GrizzlyTransporter
instanceKlass com/alibaba/dubbo/remoting/transport/mina/MinaTransporter
instanceKlass com/alibaba/dubbo/remoting/Server
instanceKlass com/alibaba/dubbo/remoting/transport/netty/NettyTransporter
instanceKlass com/alibaba/dubbo/remoting/Transporter
instanceKlass com/alibaba/dubbo/rpc/protocol/AbstractInvoker
instanceKlass java/io/RandomAccessFile$1
instanceKlass com/alibaba/dubbo/rpc/listener/ListenerInvokerWrapper
instanceKlass com/alibaba/dubbo/remoting/transport/ChannelHandlerAdapter
instanceKlass sun/nio/cs/Surrogate
instanceKlass sun/nio/cs/Surrogate$Parser
instanceKlass sun/nio/ch/FileKey
instanceKlass sun/nio/ch/FileLockTable
instanceKlass java/nio/channels/FileLock
instanceKlass sun/nio/ch/FileDispatcherImpl$1
instanceKlass com/alibaba/dubbo/rpc/protocol/InvokerWrapper
instanceKlass sun/nio/ch/NativeThreadSet
instanceKlass java/io/RandomAccessFile
instanceKlass com/alibaba/dubbo/rpc/cluster/support/ClusterUtils
instanceKlass com/alibaba/dubbo/registry/support/AbstractRegistry$SaveProperties
instanceKlass org/apache/jute/BinaryInputArchive$BinaryIndex
instanceKlass org/apache/zookeeper/proto/GetChildrenResponse
instanceKlass org/apache/zookeeper/proto/GetChildrenRequest
instanceKlass org/I0Itec/zkclient/ZkClient$2
instanceKlass org/apache/zookeeper/data/Stat
instanceKlass org/apache/zookeeper/proto/SetDataResponse
instanceKlass org/apache/zookeeper/proto/ExistsRequest
instanceKlass org/I0Itec/zkclient/ZkClient$3
instanceKlass org/I0Itec/zkclient/ZkClient$12
instanceKlass com/alibaba/dubbo/remoting/zookeeper/zkclient/ZkclientZookeeperClient$2
instanceKlass com/alibaba/dubbo/registry/zookeeper/ZookeeperRegistry$3
instanceKlass com/alibaba/dubbo/remoting/zookeeper/ChildListener
instanceKlass org/I0Itec/zkclient/exception/ZkException$1
instanceKlass org/apache/zookeeper/KeeperException$1
instanceKlass org/apache/zookeeper/KeeperException$CodeDeprecated
instanceKlass org/apache/jute/Utils
instanceKlass org/apache/jute/CsvOutputArchive
instanceKlass org/apache/zookeeper/proto/ReplyHeader
instanceKlass org/apache/zookeeper/proto/CreateResponse
instanceKlass org/apache/zookeeper/proto/CreateRequest
instanceKlass org/apache/zookeeper/common/PathUtils
instanceKlass org/apache/zookeeper/data/ACL
instanceKlass org/apache/zookeeper/data/Id
instanceKlass org/apache/zookeeper/ZooDefs$Ids
instanceKlass org/I0Itec/zkclient/ZkClient$1
instanceKlass com/alibaba/dubbo/rpc/cluster/router/MockInvokersSelector
instanceKlass com/alibaba/dubbo/rpc/cluster/ConfiguratorFactory$Adpative
instanceKlass com/alibaba/dubbo/rpc/cluster/configurator/absent/AbsentConfiguratorFactory
instanceKlass com/alibaba/dubbo/rpc/cluster/Configurator
instanceKlass com/alibaba/dubbo/rpc/cluster/configurator/override/OverrideConfiguratorFactory
instanceKlass com/alibaba/dubbo/rpc/cluster/ConfiguratorFactory
instanceKlass com/alibaba/dubbo/rpc/cluster/RouterFactory$Adpative
instanceKlass com/alibaba/dubbo/rpc/cluster/router/condition/ConditionRouterFactory
instanceKlass com/alibaba/dubbo/rpc/cluster/router/script/ScriptRouterFactory
instanceKlass com/alibaba/dubbo/rpc/cluster/router/file/FileRouterFactory
instanceKlass com/alibaba/dubbo/rpc/cluster/RouterFactory
instanceKlass com/alibaba/dubbo/rpc/cluster/Router
instanceKlass com/alibaba/dubbo/rpc/cluster/directory/AbstractDirectory
instanceKlass java/net/URLDecoder
instanceKlass com/alibaba/dubbo/registry/zookeeper/ZookeeperRegistry$1
instanceKlass com/alibaba/dubbo/remoting/zookeeper/zkclient/ZkclientZookeeperClient$1
instanceKlass org/apache/zookeeper/ZooKeeper$1
instanceKlass org/apache/zookeeper/WatchedEvent
instanceKlass org/apache/zookeeper/proto/ConnectResponse
instanceKlass org/apache/jute/Index
instanceKlass org/apache/jute/BinaryInputArchive
instanceKlass org/apache/jute/BinaryOutputArchive
instanceKlass org/apache/jute/OutputArchive
instanceKlass org/apache/zookeeper/proto/ConnectRequest
instanceKlass java/nio/channels/spi/AbstractSelector$1
instanceKlass sun/nio/ch/WindowsSelectorImpl$MapEntry
instanceKlass javax/security/auth/login/Configuration$3
instanceKlass javax/security/auth/login/ConfigurationSpi
instanceKlass javax/security/auth/login/Configuration$2
instanceKlass javax/security/auth/login/Configuration$1
instanceKlass javax/security/auth/login/Configuration
instanceKlass javax/security/auth/callback/CallbackHandler
instanceKlass org/apache/zookeeper/client/ZooKeeperSaslClient
instanceKlass org/apache/zookeeper/ClientCnxn$Packet
